

============================== 2022-07-29 16:09:19.030464 | f5828b41-3519-4d75-a413-5937c5507e00 ==============================
16:09:19.030464 [info ] [MainThread]: Running with dbt=1.0.8
16:09:19.033720 [debug] [MainThread]: running dbt with arguments Namespace(record_timing_info=None, debug=None, log_format=None, write_json=None, use_colors=None, printer_width=None, warn_error=None, version_check=None, partial_parse=None, single_threaded=False, use_experimental_parser=None, static_parser=None, profiles_dir='/home/sam/.dbt', send_anonymous_usage_stats=None, fail_fast=None, event_buffer_size=None, project_dir=None, profile=None, target=None, vars='{}', log_cache_events=False, project_name=None, skip_profile_setup=False, defer=None, state=None, cls=<class 'dbt.task.init.InitTask'>, which='init', rpc_method=None)
16:09:19.035691 [debug] [MainThread]: Tracking: tracking
16:09:19.077717 [debug] [MainThread]: Sending event: {'category': 'dbt', 'action': 'invocation', 'label': 'start', 'context': [<snowplow_tracker.self_describing_json.SelfDescribingJson object at 0x7f1e91368ee0>, <snowplow_tracker.self_describing_json.SelfDescribingJson object at 0x7f1e91368ca0>, <snowplow_tracker.self_describing_json.SelfDescribingJson object at 0x7f1e91368dc0>]}
16:09:32.658349 [debug] [MainThread]: Starter project path: /home/sam/anaconda3/lib/python3.9/site-packages/dbt/include/starter_project
16:09:43.134978 [info ] [MainThread]: 
Your new dbt project "mysql_dwh" was created!

For more information on how to configure the profiles.yml file,
please consult the dbt documentation here:

  https://docs.getdbt.com/docs/configure-your-profile

One more thing:

Need help? Don't hesitate to reach out to us via GitHub issues or on Slack:

  https://community.getdbt.com/

Happy modeling!

16:09:43.137105 [debug] [MainThread]: Sending event: {'category': 'dbt', 'action': 'invocation', 'label': 'end', 'context': [<snowplow_tracker.self_describing_json.SelfDescribingJson object at 0x7f1e913685e0>, <snowplow_tracker.self_describing_json.SelfDescribingJson object at 0x7f1e91368d90>, <snowplow_tracker.self_describing_json.SelfDescribingJson object at 0x7f1e91368700>]}


============================== 2022-07-29 16:20:51.344465 | 5a1bafe9-563b-4f53-9864-46f2f70fdbb8 ==============================
16:20:51.344465 [info ] [MainThread]: Running with dbt=1.0.8
16:20:51.366857 [debug] [MainThread]: running dbt with arguments Namespace(record_timing_info=None, debug=None, log_format=None, write_json=None, use_colors=None, printer_width=None, warn_error=None, version_check=None, partial_parse=None, single_threaded=False, use_experimental_parser=None, static_parser=None, profiles_dir='/home/sam/.dbt', send_anonymous_usage_stats=None, fail_fast=None, event_buffer_size=None, project_dir=None, profile=None, target=None, vars='{}', log_cache_events=False, config_dir=False, defer=None, state=None, cls=<class 'dbt.task.debug.DebugTask'>, which='debug', rpc_method=None)
16:20:51.369040 [debug] [MainThread]: Tracking: tracking
16:20:51.795783 [debug] [MainThread]: Sending event: {'category': 'dbt', 'action': 'invocation', 'label': 'start', 'context': [<snowplow_tracker.self_describing_json.SelfDescribingJson object at 0x7f4694e27e20>, <snowplow_tracker.self_describing_json.SelfDescribingJson object at 0x7f4694e27d60>, <snowplow_tracker.self_describing_json.SelfDescribingJson object at 0x7f4694e27d00>]}
16:21:03.597631 [debug] [MainThread]: Executing "git --help"
16:21:03.664946 [debug] [MainThread]: STDOUT: "b"usage: git [--version] [--help] [-C <path>] [-c <name>=<value>]\n           [--exec-path[=<path>]] [--html-path] [--man-path] [--info-path]\n           [-p | --paginate | -P | --no-pager] [--no-replace-objects] [--bare]\n           [--git-dir=<path>] [--work-tree=<path>] [--namespace=<name>]\n           [--super-prefix=<path>] [--config-env=<name>=<envvar>]\n           <command> [<args>]\n\nThese are common Git commands used in various situations:\n\nstart a working area (see also: git help tutorial)\n   clone     Clone a repository into a new directory\n   init      Create an empty Git repository or reinitialize an existing one\n\nwork on the current change (see also: git help everyday)\n   add       Add file contents to the index\n   mv        Move or rename a file, a directory, or a symlink\n   restore   Restore working tree files\n   rm        Remove files from the working tree and from the index\n\nexamine the history and state (see also: git help revisions)\n   bisect    Use binary search to find the commit that introduced a bug\n   diff      Show changes between commits, commit and working tree, etc\n   grep      Print lines matching a pattern\n   log       Show commit logs\n   show      Show various types of objects\n   status    Show the working tree status\n\ngrow, mark and tweak your common history\n   branch    List, create, or delete branches\n   commit    Record changes to the repository\n   merge     Join two or more development histories together\n   rebase    Reapply commits on top of another base tip\n   reset     Reset current HEAD to the specified state\n   switch    Switch branches\n   tag       Create, list, delete or verify a tag object signed with GPG\n\ncollaborate (see also: git help workflows)\n   fetch     Download objects and refs from another repository\n   pull      Fetch from and integrate with another repository or a local branch\n   push      Update remote refs along with associated objects\n\n'git help -a' and 'git help -g' list available subcommands and some\nconcept guides. See 'git help <command>' or 'git help <concept>'\nto read about a specific subcommand or concept.\nSee 'git help git' for an overview of the system.\n""
16:21:03.693421 [debug] [MainThread]: STDERR: "b''"
16:21:03.695368 [debug] [MainThread]: Sending event: {'category': 'dbt', 'action': 'invocation', 'label': 'end', 'context': [<snowplow_tracker.self_describing_json.SelfDescribingJson object at 0x7f4693fbb970>, <snowplow_tracker.self_describing_json.SelfDescribingJson object at 0x7f4692b9dc40>, <snowplow_tracker.self_describing_json.SelfDescribingJson object at 0x7f4692b9de80>]}
